#
# There is insufficient memory for the Java Runtime Environment to continue.
# Native memory allocation (malloc) failed to allocate 1048576 bytes for AllocateHeap
# Possible reasons:
#   The system is out of physical RAM or swap space
#   The process is running with CompressedOops enabled, and the Java Heap may be blocking the growth of the native heap
# Possible solutions:
#   Reduce memory load on the system
#   Increase physical memory or swap space
#   Check if swap backing store is full
#   Decrease Java heap size (-Xmx/-Xms)
#   Decrease number of Java threads
#   Decrease Java thread stack sizes (-Xss)
#   Set larger code cache with -XX:ReservedCodeCacheSize=
#   JVM is running with Unscaled Compressed Oops mode in which the Java heap is
#     placed in the first 4GB address space. The Java Heap base address is the
#     maximum limit for the native heap growth. Please use -XX:HeapBaseMinAddress
#     to set the Java Heap base and to place the Java Heap above 4GB virtual address.
# This output file may be truncated or incomplete.
#
#  Out of Memory Error (allocation.cpp:44), pid=6536, tid=9756
#
# JRE version:  (17.0.10) (build )
# Java VM: OpenJDK 64-Bit Server VM (17.0.10+0--11609105, mixed mode, sharing, tiered, compressed oops, compressed class ptrs, g1 gc, windows-amd64)
# No core dump will be written. Minidumps are not enabled by default on client versions of Windows
#

---------------  S U M M A R Y ------------

Command Line: git4idea.http.GitAskPassApp Username for 'https://github.com': 

Host: 11th Gen Intel(R) Core(TM) i5-1155G7 @ 2.50GHz, 8 cores, 15G,  Windows 11 , 64 bit Build 22621 (10.0.22621.3672)
Time: Wed Jul 10 01:27:47 2024 RTZ 2 (s 11 , 64 bit Build 22621 (10.0.22621.3672) elapsed time: 0.010105 seconds (0d 0h 0m 0s)

---------------  T H R E A D  ---------------

Current thread (0x000001c135ceaae0):  JavaThread "Unknown thread" [_thread_in_vm, id=9756, stack(0x000000670ee00000,0x000000670ef00000)]

Stack: [0x000000670ee00000,0x000000670ef00000]
Native frames: (J=compiled Java code, j=interpreted, Vv=VM code, C=native code)
V  [jvm.dll+0x688de9]
V  [jvm.dll+0x8423da]
V  [jvm.dll+0x84401e]
V  [jvm.dll+0x844683]
V  [jvm.dll+0x24be0f]
V  [jvm.dll+0xa6ca3]
V  [jvm.dll+0x2de534]
V  [jvm.dll+0x812f3c]
V  [jvm.dll+0x371c81]
V  [jvm.dll+0x7f1ac6]
V  [jvm.dll+0x3f58df]
V  [jvm.dll+0x3f7511]
C  [jli.dll+0x528f]
C  [ucrtbase.dll+0x29333]
C  [KERNEL32.DLL+0x1257d]
C  [ntdll.dll+0x5af28]


---------------  P R O C E S S  ---------------

Threads class SMR info:
_java_thread_list=0x00007ffdc3e1ef58, length=0, elements={
}

Java Threads: ( => current thread )

Other Threads:

=>0x000001c135ceaae0 (exited) JavaThread "Unknown thread" [_thread_in_vm, id=9756, stack(0x000000670ee00000,0x000000670ef00000)]

Threads with active compile tasks:

VM state: not at safepoint (not fully initialized)

VM Mutex/Monitor currently owned by a thread: None

Heap address: 0x0000000000000000, size: 0 MB, Compressed Oops mode: 32-bit

CDS archive(s) mapped at: [0x0000000000000000-0x0000000000000000-0x0000000000000000), size 0, SharedBaseAddress: 0x0000000800000000, ArchiveRelocationMode: 1.
Narrow klass base: 0x0000000000000000, Narrow klass shift: 0, Narrow klass range: 0x0

GC Precious Log:
<Empty>

GC Heap History (0 events):
No events

Dll operation events (1 events):
Event: 0.007 Loaded shared library D:\Android\jbr\bin\java.dll

Deoptimization events (0 events):
No events

Classes unloaded (0 events):
No events

Classes redefined (0 events):
No events

Internal exceptions (0 events):
No events

VM Operations (0 events):
No events

Events (0 events):
No events


Dynamic libraries:
0x00007ff60a020000 - 0x00007ff60a02a000 	D:\Android\jbr\bin\java.exe
0x00007ffe50690000 - 0x00007ffe508a7000 	C:\Windows\SYSTEM32\ntdll.dll
0x00007ffe4fc90000 - 0x00007ffe4fd54000 	C:\Windows\System32\KERNEL32.DLL
0x00007ffe4dc50000 - 0x00007ffe4dffc000 	C:\Windows\System32\KERNELBASE.dll
0x00007ffe4e000000 - 0x00007ffe4e111000 	C:\Windows\System32\ucrtbase.dll
0x00007ffe3cf50000 - 0x00007ffe3cf6b000 	D:\Android\jbr\bin\VCRUNTIME140.dll
0x00007ffe31a20000 - 0x00007ffe31a37000 	D:\Android\jbr\bin\jli.dll
0x00007ffe50460000 - 0x00007ffe5060e000 	C:\Windows\System32\USER32.dll
0x00007ffe4e3a0000 - 0x00007ffe4e3c6000 	C:\Windows\System32\win32u.dll
0x00007ffe4e490000 - 0x00007ffe4e4b9000 	C:\Windows\System32\GDI32.dll
0x00007ffe4e190000 - 0x00007ffe4e2a9000 	C:\Windows\System32\gdi32full.dll
0x00007ffe4da40000 - 0x00007ffe4dada000 	C:\Windows\System32\msvcp_win.dll
0x00007ffe329f0000 - 0x00007ffe32c83000 	C:\Windows\WinSxS\amd64_microsoft.windows.common-controls_6595b64144ccf1df_6.0.22621.3672_none_2713b9d173822955\COMCTL32.dll
0x00007ffe4f5d0000 - 0x00007ffe4f677000 	C:\Windows\System32\msvcrt.dll
0x00007ffe50610000 - 0x00007ffe50641000 	C:\Windows\System32\IMM32.DLL
0x00007ffe3c000000 - 0x00007ffe3c00c000 	D:\Android\jbr\bin\vcruntime140_1.dll
0x00007ffe00da0000 - 0x00007ffe00e2d000 	D:\Android\jbr\bin\msvcp140.dll
0x00007ffdc32e0000 - 0x00007ffdc3f63000 	D:\Android\jbr\bin\server\jvm.dll
0x00007ffe4f760000 - 0x00007ffe4f812000 	C:\Windows\System32\ADVAPI32.dll
0x00007ffe4f520000 - 0x00007ffe4f5ca000 	C:\Windows\System32\sechost.dll
0x00007ffe4e370000 - 0x00007ffe4e398000 	C:\Windows\System32\bcrypt.dll
0x00007ffe50230000 - 0x00007ffe50345000 	C:\Windows\System32\RPCRT4.dll
0x00007ffe25230000 - 0x00007ffe25239000 	C:\Windows\SYSTEM32\WSOCK32.dll
0x00007ffe4c810000 - 0x00007ffe4c85d000 	C:\Windows\SYSTEM32\POWRPROF.dll
0x00007ffe4a110000 - 0x00007ffe4a144000 	C:\Windows\SYSTEM32\WINMM.dll
0x00007ffe4ef20000 - 0x00007ffe4ef91000 	C:\Windows\System32\WS2_32.dll
0x00007ffe48000000 - 0x00007ffe4800a000 	C:\Windows\SYSTEM32\VERSION.dll
0x00007ffe4c7f0000 - 0x00007ffe4c803000 	C:\Windows\SYSTEM32\UMPDC.dll
0x00007ffe4ca40000 - 0x00007ffe4ca58000 	C:\Windows\SYSTEM32\kernel.appcore.dll
0x00007ffe47d80000 - 0x00007ffe47d8a000 	D:\Android\jbr\bin\jimage.dll
0x00007ffe4b1d0000 - 0x00007ffe4b402000 	C:\Windows\SYSTEM32\DBGHELP.DLL
0x00007ffe4fe00000 - 0x00007ffe50188000 	C:\Windows\System32\combase.dll
0x00007ffe4f680000 - 0x00007ffe4f757000 	C:\Windows\System32\OLEAUT32.dll
0x00007ffe181d0000 - 0x00007ffe18202000 	C:\Windows\SYSTEM32\dbgcore.DLL
0x00007ffe4d9c0000 - 0x00007ffe4da3b000 	C:\Windows\System32\bcryptPrimitives.dll
0x00007ffe31620000 - 0x00007ffe31645000 	D:\Android\jbr\bin\java.dll

dbghelp: loaded successfully - version: 4.0.5 - missing functions: none
symbol engine: initialized successfully - sym options: 0x614 - pdb path: .;D:\Android\jbr\bin;C:\Windows\SYSTEM32;C:\Windows\WinSxS\amd64_microsoft.windows.common-controls_6595b64144ccf1df_6.0.22621.3672_none_2713b9d173822955;D:\Android\jbr\bin\server

VM Arguments:
java_command: git4idea.http.GitAskPassApp Username for 'https://github.com': 
java_class_path (initial): D:/android/plugins/vcs-git/lib/git4idea-rt.jar;D:/Android/lib/externalProcess-rt.jar
Launcher Type: SUN_STANDARD

[Global flags]
     intx CICompilerCount                          = 4                                         {product} {ergonomic}
     uint ConcGCThreads                            = 2                                         {product} {ergonomic}
     uint G1ConcRefinementThreads                  = 8                                         {product} {ergonomic}
   size_t G1HeapRegionSize                         = 2097152                                   {product} {ergonomic}
    uintx GCDrainStackTargetSize                   = 64                                        {product} {ergonomic}
   size_t InitialHeapSize                          = 266338304                                 {product} {ergonomic}
   size_t MarkStackSize                            = 4194304                                   {product} {ergonomic}
   size_t MaxHeapSize                              = 4238344192                                {product} {ergonomic}
   size_t MinHeapDeltaBytes                        = 2097152                                   {product} {ergonomic}
   size_t MinHeapSize                              = 8388608                                   {product} {ergonomic}
    uintx NonNMethodCodeHeapSize                   = 5839372                                {pd product} {ergonomic}
    uintx NonProfiledCodeHeapSize                  = 122909434                              {pd product} {ergonomic}
    uintx ProfiledCodeHeapSize                     = 122909434                              {pd product} {ergonomic}
    uintx ReservedCodeCacheSize                    = 251658240                              {pd product} {ergonomic}
     bool SegmentedCodeCache                       = true                                      {product} {ergonomic}
   size_t SoftMaxHeapSize                          = 4238344192                             {manageable} {ergonomic}
     bool UseCompressedClassPointers               = true                           {product lp64_product} {ergonomic}
     bool UseCompressedOops                        = true                           {product lp64_product} {ergonomic}
     bool UseG1GC                                  = true                                      {product} {ergonomic}
     bool UseLargePagesIndividualAllocation        = false                                  {pd product} {ergonomic}

Logging:
Log output configuration:
 #0: stdout all=warning uptime,level,tags
 #1: stderr all=off uptime,level,tags

Environment Variables:
PATH=C:/Program Files/Git/mingw64/libexec/git-core;C:/Program Files/Git/mingw64/libexec/git-core;C:\Program Files\Git\mingw64\bin;C:\Program Files\Git\usr\bin;C:\Users\valiu\bin;C:\Program Files\Common Files\Oracle\Java\javapath;C:\Program Files\Microsoft\jdk-11.0.16.101-hotspot\bin;C:\Windows\System32\HWAudioDriverLibs;C:\Windows\system32;C:\Windows;C:\Windows\System32\Wbem;C:\Windows\System32\WindowsPowerShell\v1.0\;C:\Windows\System32\OpenSSH\;C:\Users\Administrator\AppData\Local\Microsoft\WindowsApps;C:\Program Files\dotnet\;C:\Program Files\Git\cmd;C:\Users\valiu\AppData\Local\Microsoft\WindowsApps;C:\Users\valiu\.dotnet\tools
USERNAME=valiu
DISPLAY=:0.0
LC_ALL=en_US.UTF-8
TERM=xterm-256color
TMPDIR=C:\Users\valiu\AppData\Local\Temp
OS=Windows_NT
PROCESSOR_IDENTIFIER=Intel64 Family 6 Model 140 Stepping 2, GenuineIntel
TMP=C:\Users\valiu\AppData\Local\Temp
TEMP=C:\Users\valiu\AppData\Local\Temp



Periodic native trim disabled

JNI global refs:
JNI global refs: 0, weak refs: 0

JNI global refs memory usage: 0, weak refs: 0

OOME stack traces (most recent first):
Classloader memory used:


---------------  S Y S T E M  ---------------

OS:
 Windows 11 , 64 bit Build 22621 (10.0.22621.3672)
OS uptime: 1 days 10:32 hours
Hyper-V role detected

CPU: total 8 (initial active 8) (4 cores per cpu, 2 threads per core) family 6 model 140 stepping 2 microcode 0x16, cx8, cmov, fxsr, ht, mmx, 3dnowpref, sse, sse2, sse3, ssse3, sse4.1, sse4.2, popcnt, lzcnt, tsc, tscinvbit, avx, avx2, aes, erms, clmul, bmi1, bmi2, adx, avx512f, avx512dq, avx512cd, avx512bw, avx512vl, sha, fma, vzeroupper, avx512_vpopcntdq, avx512_vpclmulqdq, avx512_vaes, avx512_vnni, clflush, clflushopt, clwb, avx512_vbmi2, avx512_vbmi, hv
Processor Information for processor 0
  Max Mhz: 2496, Current Mhz: 2496, Mhz Limit: 2496
Processor Information for processor 1
  Max Mhz: 2496, Current Mhz: 1198, Mhz Limit: 2496
Processor Information for processor 2
  Max Mhz: 2496, Current Mhz: 2496, Mhz Limit: 2496
Processor Information for processor 3
  Max Mhz: 2496, Current Mhz: 2496, Mhz Limit: 2496
Processor Information for processor 4
  Max Mhz: 2496, Current Mhz: 2496, Mhz Limit: 2496
Processor Information for processor 5
  Max Mhz: 2496, Current Mhz: 1198, Mhz Limit: 2496
Processor Information for processor 6
  Max Mhz: 2496, Current Mhz: 1198, Mhz Limit: 2496
Processor Information for processor 7
  Max Mhz: 2496, Current Mhz: 2496, Mhz Limit: 2496

Memory: 4k page, system-wide physical 16167M (531M free)
TotalPageFile size 26382M (AvailPageFile size 3M)
current process WorkingSet (physical memory assigned to process): 10M, peak: 10M
current process commit charge ("private bytes"): 18M, peak: 19M

vm_info: OpenJDK 64-Bit Server VM (17.0.10+0--11609105) for windows-amd64 JRE (17.0.10+0--11609105), built on Mar 21 2024 19:10:56 by "androidbuild" with MS VC++ 16.10 / 16.11 (VS2019)

END.
